<?xml version="1.0" encoding="UTF-8"?>
<testsuite xmlns:xsi="http://www.w3.org/2001/XMLSchema-instance" xsi:noNamespaceSchemaLocation="https://maven.apache.org/surefire/maven-surefire-plugin/xsd/surefire-test-report.xsd" name="com.hdt10.GrafoTest" time="0.043" tests="8" errors="2" skipped="0" failures="4">
  <properties>
[...]
</properties>
  <testcase name="testAgregarConexion" classname="com.hdt10.GrafoTest" time="0.021">
    <failure message="expected: &lt;true&gt; but was: &lt;false&gt;" type="org.opentest4j.AssertionFailedError"><![CDATA[org.opentest4j.AssertionFailedError: expected: <true> but was: <false>
	at com.hdt10.GrafoTest.testAgregarConexion(GrafoTest.java:98)
]]></failure>
  </testcase>
  <testcase name="testObtenerRuta" classname="com.hdt10.GrafoTest" time="0">
    <failure message="expected: not &lt;null&gt;" type="org.opentest4j.AssertionFailedError"><![CDATA[org.opentest4j.AssertionFailedError: expected: not <null>
	at com.hdt10.GrafoTest.testObtenerRuta(GrafoTest.java:148)
]]></failure>
  </testcase>
  <testcase name="testAgregarCiudad" classname="com.hdt10.GrafoTest" time="0.001">
    <failure message="expected: &lt;true&gt; but was: &lt;false&gt;" type="org.opentest4j.AssertionFailedError"><![CDATA[org.opentest4j.AssertionFailedError: expected: <true> but was: <false>
	at com.hdt10.GrafoTest.testAgregarCiudad(GrafoTest.java:84)
]]></failure>
  </testcase>
  <testcase name="testFloydWarshall" classname="com.hdt10.GrafoTest" time="0.002">
    <error message="Cannot invoke &quot;com.hdt10.Ruta.getTiempo()&quot; because &quot;rutaAC&quot; is null" type="java.lang.NullPointerException">java.lang.NullPointerException: Cannot invoke "com.hdt10.Ruta.getTiempo()" because "rutaAC" is null
	at com.hdt10.GrafoTest.testFloydWarshall(GrafoTest.java:196)
</error>
  </testcase>
  <testcase name="testCambiarCondicionClimatica" classname="com.hdt10.GrafoTest" time="0.001">
    <error message="Cannot invoke &quot;com.hdt10.Ruta.getTiempo()&quot; because &quot;rutaLluvia&quot; is null" type="java.lang.NullPointerException">java.lang.NullPointerException: Cannot invoke "com.hdt10.Ruta.getTiempo()" because "rutaLluvia" is null
	at com.hdt10.GrafoTest.testCambiarCondicionClimatica(GrafoTest.java:135)
</error>
  </testcase>
  <testcase name="testRedimensionarMatrices" classname="com.hdt10.GrafoTest" time="0.004"/>
  <testcase name="testObtenerCentro" classname="com.hdt10.GrafoTest" time="0"/>
  <testcase name="testEliminarConexion" classname="com.hdt10.GrafoTest" time="0.001">
    <failure message="expected: not &lt;null&gt;" type="org.opentest4j.AssertionFailedError"><![CDATA[org.opentest4j.AssertionFailedError: expected: not <null>
	at com.hdt10.GrafoTest.testEliminarConexion(GrafoTest.java:114)
]]></failure>
  </testcase>
</testsuite>